
C:\project\saa\src\saareport\bin\Create JRX>cd C:\Project\saa\src\saareport\build\classes 

C:\project\saa\src\saareport\build\classes>jar -cvfm "C:\Project\saa\src\saareport\bin\Create JRX\saareport.jar"  "C:\Project\saa\src\saareport\bin\Create JRX\MANIFEST.MF" ./com 
added manifest
adding: com/(in = 0) (out= 0)(stored 0%)
adding: com/saa/(in = 0) (out= 0)(stored 0%)
adding: com/saa/control/(in = 0) (out= 0)(stored 0%)
adding: com/saa/control/AbstractTreeViewActionsController.class(in = 659) (out= 331)(deflated 49%)
adding: com/saa/control/ControllerInterface.class(in = 192) (out= 150)(deflated 21%)
adding: com/saa/control/DBController.class(in = 2257) (out= 1082)(deflated 52%)
adding: com/saa/control/report/(in = 0) (out= 0)(stored 0%)
adding: com/saa/control/report/JasPerAdapter.class(in = 10180) (out= 4670)(deflated 54%)
adding: com/saa/control/report/JasperReportInterface.class(in = 222) (out= 171)(deflated 22%)
adding: com/saa/control/report/ReportsController.class(in = 605) (out= 355)(deflated 41%)
adding: com/saa/control/TreeAction.class(in = 660) (out= 389)(deflated 41%)
adding: com/saa/control/TreeActionListener.class(in = 183) (out= 143)(deflated 21%)
adding: com/saa/control/TreeMenuController.class(in = 3788) (out= 1864)(deflated 50%)
adding: com/saa/control/TreeViewActionsController$JXAbstractAction.class(in = 1536) (out= 721)(deflated 53%)
adding: com/saa/control/TreeViewActionsController.class(in = 2870) (out= 1230)(deflated 57%)
adding: com/saa/data/(in = 0) (out= 0)(stored 0%)
adding: com/saa/data/AbstractDBData.class(in = 2613) (out= 1250)(deflated 52%)
adding: com/saa/data/Actions.class(in = 506) (out= 338)(deflated 33%)
adding: com/saa/data/InterfaceData.class(in = 165) (out= 139)(deflated 15%)
adding: com/saa/data/ProcessStatus.class(in = 455) (out= 309)(deflated 32%)
adding: com/saa/data/ReportOptions$ExportExtension.class(in = 644) (out= 398)(deflated 38%)
adding: com/saa/data/ReportOptions$ExportOptions.class(in = 816) (out= 494)(deflated 39%)
adding: com/saa/data/ReportOptions.class(in = 461) (out= 277)(deflated 39%)
adding: com/saa/data/SQLBuilder.class(in = 5360) (out= 2402)(deflated 55%)
adding: com/saa/data/SubTreeObject.class(in = 1652) (out= 672)(deflated 59%)
adding: com/saa/data/TreeDBData.class(in = 4680) (out= 2374)(deflated 49%)
adding: com/saa/data/TreeObject.class(in = 1130) (out= 543)(deflated 51%)
adding: com/saa/data/ui/(in = 0) (out= 0)(stored 0%)
adding: com/saa/data/ui/UICollections.class(in = 737) (out= 486)(deflated 34%)
adding: com/saa/event/(in = 0) (out= 0)(stored 0%)
adding: com/saa/event/DataChangeEvent.class(in = 366) (out= 242)(deflated 33%)
adding: com/saa/event/DataChangeListener.class(in = 242) (out= 176)(deflated 27%)
adding: com/saa/jdbc/(in = 0) (out= 0)(stored 0%)
adding: com/saa/jdbc/AbstractDataManager.class(in = 11568) (out= 5658)(deflated 51%)
adding: com/saa/jdbc/AbstractDataObject.class(in = 627) (out= 363)(deflated 42%)
adding: com/saa/jdbc/AbstractDBManager.class(in = 4935) (out= 2429)(deflated 50%)
adding: com/saa/jdbc/BaseDataManager.class(in = 376) (out= 221)(deflated 41%)
adding: com/saa/jdbc/DataObject.class(in = 417) (out= 267)(deflated 35%)
adding: com/saa/jdbc/Persistent.class(in = 142) (out= 124)(deflated 12%)
adding: com/saa/jdbc/PersistentObject.class(in = 2075) (out= 820)(deflated 60%)
adding: com/saa/jdbc/SampleDataObject.class(in = 663) (out= 344)(deflated 48%)
adding: com/saa/logger/(in = 0) (out= 0)(stored 0%)
adding: com/saa/logger/AppLogger.class(in = 3384) (out= 1426)(deflated 57%)
adding: com/saa/main/(in = 0) (out= 0)(stored 0%)
adding: com/saa/main/AppMain$1.class(in = 1756) (out= 946)(deflated 46%)
adding: com/saa/main/AppMain$BasicWindowMonitor.class(in = 1557) (out= 855)(deflated 45%)
adding: com/saa/main/AppMain$FrameDecorator.class(in = 718) (out= 461)(deflated 35%)
adding: com/saa/main/AppMain.class(in = 9778) (out= 4483)(deflated 54%)
adding: com/saa/main/RunTimeController.class(in = 1561) (out= 738)(deflated 52%)
adding: com/saa/main/UIActions$DBUpdateManagerAction.class(in = 1126) (out= 572)(deflated 49%)
adding: com/saa/main/UIActions$ExitAction.class(in = 958) (out= 501)(deflated 47%)
adding: com/saa/main/UIActions$LoginAction.class(in = 1106) (out= 563)(deflated 49%)
adding: com/saa/main/UIActions$LookAndFeelAction.class(in = 2524) (out= 1236)(deflated 51%)
adding: com/saa/main/UIActions$VersionDisplayAction.class(in = 1182) (out= 610)(deflated 48%)
adding: com/saa/main/UIActions.class(in = 2842) (out= 1011)(deflated 64%)
adding: com/saa/model/(in = 0) (out= 0)(stored 0%)
adding: com/saa/model/AbstractModel.class(in = 320) (out= 229)(deflated 28%)
adding: com/saa/model/auto/(in = 0) (out= 0)(stored 0%)
adding: com/saa/model/auto/_IC_GROUP.class(in = 446) (out= 305)(deflated 31%)
adding: com/saa/model/auto/_PL_REQ_DT.class(in = 697) (out= 435)(deflated 37%)
adding: com/saa/model/auto/_PL_REQ_HD.class(in = 649) (out= 406)(deflated 37%)
adding: com/saa/model/DataManagerTest.class(in = 2113) (out= 1088)(deflated 48%)
adding: com/saa/model/FinishedGoodsStockAdjustItem.class(in = 3056) (out= 947)(deflated 69%)
adding: com/saa/model/IcGroupDataManager.class(in = 1677) (out= 833)(deflated 50%)
adding: com/saa/model/IcGroupItem.class(in = 1701) (out= 710)(deflated 58%)
adding: com/saa/model/IcGroupItemSet.class(in = 1570) (out= 774)(deflated 50%)
adding: com/saa/test/(in = 0) (out= 0)(stored 0%)
adding: com/saa/test/DatePickerSample.class(in = 1162) (out= 668)(deflated 42%)
adding: com/saa/test/gimp.jpg(in = 116094) (out= 116088)(deflated 0%)
adding: com/saa/test/image/(in = 0) (out= 0)(stored 0%)
adding: com/saa/test/image/1.jpg(in = 2492) (out= 2457)(deflated 1%)
adding: com/saa/test/image/2.jpg(in = 2624) (out= 2584)(deflated 1%)
adding: com/saa/test/image/gimp-splash-1.5.bmp(in = 261054) (out= 182678)(deflated 30%)
adding: com/saa/test/image/gimp.jpg(in = 116094) (out= 116088)(deflated 0%)
adding: com/saa/test/io/(in = 0) (out= 0)(stored 0%)
adding: com/saa/test/io/textfile/(in = 0) (out= 0)(stored 0%)
adding: com/saa/test/jasper/(in = 0) (out= 0)(stored 0%)
adding: com/saa/ui/(in = 0) (out= 0)(stored 0%)
adding: com/saa/ui/account/(in = 0) (out= 0)(stored 0%)
adding: com/saa/ui/account/AR001Frame.class(in = 2508) (out= 1312)(deflated 47%)
adding: com/saa/ui/account/AR002Frame.class(in = 2508) (out= 1312)(deflated 47%)
adding: com/saa/ui/account/AR003Frame.class(in = 3134) (out= 1590)(deflated 49%)
adding: com/saa/ui/account/AR004Frame.class(in = 1858) (out= 975)(deflated 47%)
adding: com/saa/ui/account/AR005Frame.class(in = 1858) (out= 978)(deflated 47%)
adding: com/saa/ui/account/AR006Frame.class(in = 1858) (out= 975)(deflated 47%)
adding: com/saa/ui/binding/(in = 0) (out= 0)(stored 0%)
adding: com/saa/ui/binding/BindingState.class(in = 513) (out= 328)(deflated 36%)
adding: com/saa/ui/binding/ColorData.class(in = 1320) (out= 686)(deflated 48%)
adding: com/saa/ui/binding/ColoredTableCellRenderer.class(in = 1122) (out= 624)(deflated 44%)
adding: com/saa/ui/binding/Fraction.class(in = 1184) (out= 719)(deflated 39%)
adding: com/saa/ui/binding/FrameEditModel.class(in = 168) (out= 141)(deflated 16%)
adding: com/saa/ui/binding/IconData.class(in = 611) (out= 377)(deflated 38%)
adding: com/saa/ui/binding/JXAbstractColumnData.class(in = 551) (out= 352)(deflated 36%)
adding: com/saa/ui/binding/JXAbstractRowData.class(in = 652) (out= 388)(deflated 40%)
adding: com/saa/ui/binding/JXAbstractTableFrame$1.class(in = 852) (out= 448)(deflated 47%)
adding: com/saa/ui/binding/JXAbstractTableFrame.class(in = 5218) (out= 2598)(deflated 50%)
adding: com/saa/ui/binding/JXAbstractTableModel$ColumnListener.class(in = 3246) (out= 1614)(deflated 50%)
adding: com/saa/ui/binding/JXAbstractTableModel.class(in = 2909) (out= 1414)(deflated 51%)
adding: com/saa/ui/binding/JXComponentBuilder.class(in = 317) (out= 222)(deflated 29%)
adding: com/saa/ui/binding/JXDBChangedController.class(in = 208) (out= 154)(deflated 25%)
adding: com/saa/ui/binding/JXDBChangeNotify.class(in = 1277) (out= 624)(deflated 51%)
adding: com/saa/ui/binding/JXDBDataGridModel.class(in = 752) (out= 431)(deflated 42%)
adding: com/saa/ui/binding/JXDBEditFrame.class(in = 5777) (out= 2528)(deflated 56%)
adding: com/saa/ui/binding/JXDBEventModel.class(in = 265) (out= 189)(deflated 28%)
adding: com/saa/ui/binding/SmartLong.class(in = 827) (out= 506)(deflated 38%)
adding: com/saa/ui/binding/test/(in = 0) (out= 0)(stored 0%)
adding: com/saa/ui/binding/test/FormatFieldSample1.class(in = 4063) (out= 1924)(deflated 52%)
adding: com/saa/ui/binding/test/JXTableTest$RowData.class(in = 752) (out= 396)(deflated 47%)
adding: com/saa/ui/binding/test/JXTableTest$SampleTableModel.class(in = 1605) (out= 815)(deflated 49%)
adding: com/saa/ui/binding/test/JXTableTest.class(in = 2057) (out= 1082)(deflated 47%)
adding: com/saa/ui/binding/test/SharedDataSample$1.class(in = 1045) (out= 579)(deflated 44%)
adding: com/saa/ui/binding/test/SharedDataSample.class(in = 2359) (out= 1253)(deflated 46%)
adding: com/saa/ui/binding/test/TableHeaderDemo$1.class(in = 1794) (out= 840)(deflated 53%)
adding: com/saa/ui/binding/test/TableHeaderDemo$2.class(in = 602) (out= 367)(deflated 39%)
adding: com/saa/ui/binding/test/TableHeaderDemo$MyRenderer.class(in = 1667) (out= 823)(deflated 50%)
adding: com/saa/ui/binding/test/TableHeaderDemo.class(in = 2308) (out= 1149)(deflated 50%)
adding: com/saa/ui/binding/test/TestingCombo$1.class(in = 1122) (out= 594)(deflated 47%)
adding: com/saa/ui/binding/test/TestingCombo.class(in = 1672) (out= 971)(deflated 41%)
adding: com/saa/ui/date/(in = 0) (out= 0)(stored 0%)
adding: com/saa/ui/date/DateField$1.class(in = 777) (out= 434)(deflated 44%)
adding: com/saa/ui/date/DateField$Listener.class(in = 1278) (out= 657)(deflated 48%)
adding: com/saa/ui/date/DateField.class(in = 4275) (out= 2054)(deflated 51%)
adding: com/saa/ui/date/DatePicker$1.class(in = 784) (out= 431)(deflated 45%)
adding: com/saa/ui/date/DatePicker$2.class(in = 784) (out= 431)(deflated 45%)
adding: com/saa/ui/date/DatePicker$3.class(in = 752) (out= 403)(deflated 46%)
adding: com/saa/ui/date/DatePicker$4.class(in = 798) (out= 441)(deflated 44%)
adding: com/saa/ui/date/DatePicker$5.class(in = 798) (out= 443)(deflated 44%)
adding: com/saa/ui/date/DatePicker.class(in = 11056) (out= 4994)(deflated 54%)
adding: com/saa/ui/Dialogs/(in = 0) (out= 0)(stored 0%)
adding: com/saa/ui/Dialogs/AbstractLookupDialog$1.class(in = 610) (out= 369)(deflated 39%)
adding: com/saa/ui/Dialogs/AbstractLookupDialog.class(in = 1619) (out= 815)(deflated 49%)
adding: com/saa/ui/Dialogs/BaseDialog.class(in = 2583) (out= 1329)(deflated 48%)
adding: com/saa/ui/Dialogs/LoginDialog.class(in = 3372) (out= 1767)(deflated 47%)
adding: com/saa/ui/Dialogs/ModalResult.class(in = 458) (out= 315)(deflated 31%)
adding: com/saa/ui/Dialogs/ProgressDialog.class(in = 1195) (out= 677)(deflated 43%)
adding: com/saa/ui/pc/(in = 0) (out= 0)(stored 0%)
adding: com/saa/ui/pc/PC001Frame.class(in = 1362) (out= 719)(deflated 47%)
adding: com/saa/ui/pc/PC002Frame.class(in = 3081) (out= 1571)(deflated 49%)
adding: com/saa/ui/pc/PC003Frame.class(in = 408) (out= 263)(deflated 35%)
adding: com/saa/ui/planing/(in = 0) (out= 0)(stored 0%)
adding: com/saa/ui/pn/(in = 0) (out= 0)(stored 0%)
adding: com/saa/ui/pn/PN001Frame.class(in = 2342) (out= 1228)(deflated 47%)
adding: com/saa/ui/pn/PN002Frame.class(in = 2736) (out= 1429)(deflated 47%)
adding: com/saa/ui/pn/PN006Frame.class(in = 487) (out= 325)(deflated 33%)
adding: com/saa/ui/pn/PN010Frame.class(in = 1102) (out= 630)(deflated 42%)
adding: com/saa/ui/pn/PN012Frame.class(in = 1228) (out= 664)(deflated 45%)
adding: com/saa/ui/pn/PN014Frame.class(in = 1715) (out= 876)(deflated 48%)
adding: com/saa/ui/sa/(in = 0) (out= 0)(stored 0%)
adding: com/saa/ui/sa/SA001Frame.class(in = 1356) (out= 714)(deflated 47%)
adding: com/saa/ui/sa/SA002Frame.class(in = 3034) (out= 1627)(deflated 46%)
adding: com/saa/ui/sa/SA003Frame.class(in = 3005) (out= 1584)(deflated 47%)
adding: com/saa/ui/sa/SA004Frame.class(in = 1991) (out= 1060)(deflated 46%)
adding: com/saa/ui/Splash$WindowListener.class(in = 682) (out= 394)(deflated 42%)
adding: com/saa/ui/Splash.class(in = 2582) (out= 1398)(deflated 45%)
adding: com/saa/ui/utils/(in = 0) (out= 0)(stored 0%)
adding: com/saa/ui/utils/DBUpateManager.class(in = 2950) (out= 1566)(deflated 46%)
adding: com/saa/ui/utils/DebugSQLConnection.class(in = 1433) (out= 792)(deflated 44%)
adding: com/saa/ui/utils/UIUtils.class(in = 1165) (out= 614)(deflated 47%)
adding: com/saa/ui/View/(in = 0) (out= 0)(stored 0%)
adding: com/saa/ui/View/BaseReportFrame$1.class(in = 2130) (out= 1143)(deflated 46%)
adding: com/saa/ui/View/BaseReportFrame.class(in = 3315) (out= 1697)(deflated 48%)
adding: com/saa/ui/View/BaseView$1.class(in = 717) (out= 419)(deflated 41%)
adding: com/saa/ui/View/BaseView.class(in = 7586) (out= 3688)(deflated 51%)
adding: com/saa/ui/View/BaseViewDecorator.class(in = 2990) (out= 1151)(deflated 61%)
adding: com/saa/ui/View/DBTableModel.class(in = 2955) (out= 1547)(deflated 47%)
adding: com/saa/ui/View/GenericTableModel.class(in = 700) (out= 395)(deflated 43%)
adding: com/saa/ui/View/MenuModel.class(in = 4444) (out= 2251)(deflated 49%)
adding: com/saa/ui/View/panels/(in = 0) (out= 0)(stored 0%)
adding: com/saa/ui/View/panels/AbstractComboPanel.class(in = 1748) (out= 830)(deflated 52%)
adding: com/saa/ui/View/panels/AbstractSingleTextFieldPanel.class(in = 1470) (out= 765)(deflated 47%)
adding: com/saa/ui/View/panels/BasePanel.class(in = 304) (out= 221)(deflated 27%)
adding: com/saa/ui/View/panels/ButtonsPanel.class(in = 859) (out= 506)(deflated 41%)
adding: com/saa/ui/View/panels/DateFromToPanel.class(in = 837) (out= 475)(deflated 43%)
adding: com/saa/ui/View/panels/DatePanel.class(in = 940) (out= 525)(deflated 44%)
adding: com/saa/ui/View/panels/ExportOptionsPanel.class(in = 1014) (out= 575)(deflated 43%)
adding: com/saa/ui/View/panels/LoginPanel.class(in = 1561) (out= 818)(deflated 47%)
adding: com/saa/ui/View/panels/MeltFromToPanel.class(in = 1243) (out= 710)(deflated 42%)
adding: com/saa/ui/View/panels/TextAreaPanel.class(in = 1233) (out= 693)(deflated 43%)
adding: com/saa/ui/View/panels/YearMonthPanel.class(in = 1643) (out= 908)(deflated 44%)
adding: com/saa/ui/View/TableView.class(in = 1638) (out= 883)(deflated 46%)
adding: com/saa/ui/View/TreeView.class(in = 2562) (out= 1252)(deflated 51%)
adding: com/saa/ui/View/TreeViewModel.class(in = 3834) (out= 1729)(deflated 54%)
adding: com/saa/ui/View/ViewsManager$1.class(in = 1083) (out= 561)(deflated 48%)
adding: com/saa/ui/View/ViewsManager$10.class(in = 1080) (out= 562)(deflated 47%)
adding: com/saa/ui/View/ViewsManager$11.class(in = 1080) (out= 564)(deflated 47%)
adding: com/saa/ui/View/ViewsManager$12.class(in = 1080) (out= 566)(deflated 47%)
adding: com/saa/ui/View/ViewsManager$13.class(in = 1080) (out= 566)(deflated 47%)
adding: com/saa/ui/View/ViewsManager$14.class(in = 1080) (out= 566)(deflated 47%)
adding: com/saa/ui/View/ViewsManager$15.class(in = 1080) (out= 564)(deflated 47%)
adding: com/saa/ui/View/ViewsManager$16.class(in = 1080) (out= 562)(deflated 47%)
adding: com/saa/ui/View/ViewsManager$17.class(in = 1080) (out= 563)(deflated 47%)
adding: com/saa/ui/View/ViewsManager$18.class(in = 1080) (out= 563)(deflated 47%)
adding: com/saa/ui/View/ViewsManager$19.class(in = 1080) (out= 564)(deflated 47%)
adding: com/saa/ui/View/ViewsManager$2.class(in = 1078) (out= 560)(deflated 48%)
adding: com/saa/ui/View/ViewsManager$20.class(in = 1080) (out= 562)(deflated 47%)
adding: com/saa/ui/View/ViewsManager$21.class(in = 1080) (out= 562)(deflated 47%)
adding: com/saa/ui/View/ViewsManager$22.class(in = 1080) (out= 562)(deflated 47%)
adding: com/saa/ui/View/ViewsManager$23.class(in = 1080) (out= 562)(deflated 47%)
adding: com/saa/ui/View/ViewsManager$24.class(in = 1080) (out= 564)(deflated 47%)
adding: com/saa/ui/View/ViewsManager$25.class(in = 1085) (out= 566)(deflated 47%)
adding: com/saa/ui/View/ViewsManager$26.class(in = 1085) (out= 566)(deflated 47%)
adding: com/saa/ui/View/ViewsManager$27.class(in = 1085) (out= 571)(deflated 47%)
adding: com/saa/ui/View/ViewsManager$28.class(in = 1085) (out= 571)(deflated 47%)
adding: com/saa/ui/View/ViewsManager$29.class(in = 1085) (out= 571)(deflated 47%)
adding: com/saa/ui/View/ViewsManager$3.class(in = 1078) (out= 562)(deflated 47%)
adding: com/saa/ui/View/ViewsManager$30.class(in = 1085) (out= 571)(deflated 47%)
adding: com/saa/ui/View/ViewsManager$4.class(in = 1078) (out= 564)(deflated 47%)
adding: com/saa/ui/View/ViewsManager$5.class(in = 1078) (out= 565)(deflated 47%)
adding: com/saa/ui/View/ViewsManager$6.class(in = 1078) (out= 565)(deflated 47%)
adding: com/saa/ui/View/ViewsManager$7.class(in = 1078) (out= 565)(deflated 47%)
adding: com/saa/ui/View/ViewsManager$8.class(in = 1078) (out= 564)(deflated 47%)
adding: com/saa/ui/View/ViewsManager$9.class(in = 1078) (out= 562)(deflated 47%)
adding: com/saa/ui/View/ViewsManager.class(in = 4031) (out= 1740)(deflated 56%)
adding: com/saa/ui/warehouse/(in = 0) (out= 0)(stored 0%)
adding: com/saa/ui/warehouse/stockissue/(in = 0) (out= 0)(stored 0%)
adding: com/saa/ui/warehouse/stockissue/gui/(in = 0) (out= 0)(stored 0%)
adding: com/saa/ui/warehouse/stockissue/gui/DateTableCellEditor.class(in = 1818) (out= 768)(deflated 57%)
adding: com/saa/ui/warehouse/stockissue/gui/NewJFrame$1.class(in = 617) (out= 374)(deflated 39%)
adding: com/saa/ui/warehouse/stockissue/gui/NewJFrame.class(in = 3725) (out= 1620)(deflated 56%)
adding: com/saa/ui/warehouse/stockissue/gui/ProductionMaterialRequestDetailTableModel.class(in = 3168) (out= 1599)(deflated 49%)
adding: com/saa/ui/warehouse/stockissue/gui/ProductionMaterialRequestFrameEdit$1.class(in = 803) (out= 411)(deflated 48%)
adding: com/saa/ui/warehouse/stockissue/gui/ProductionMaterialRequestFrameEdit.class(in = 11349) (out= 4576)(deflated 59%)
adding: com/saa/ui/warehouse/stockissue/gui/ProductMaterialRequestBrowse$1.class(in = 844) (out= 462)(deflated 45%)
adding: com/saa/ui/warehouse/stockissue/gui/ProductMaterialRequestBrowse$ButtonActionListener.class(in = 2964) (out= 1249)(deflated 57%)
adding: com/saa/ui/warehouse/stockissue/gui/ProductMaterialRequestBrowse.class(in = 10284) (out= 4047)(deflated 60%)
adding: com/saa/ui/warehouse/stockissue/gui/ProductMaterialRequestHeaderTableModel.class(in = 2258) (out= 1117)(deflated 50%)
adding: com/saa/ui/warehouse/stockissue/manager/(in = 0) (out= 0)(stored 0%)
adding: com/saa/ui/warehouse/stockissue/manager/ProductionMaterialRequestBrowseManager.class(in = 2261) (out= 813)(deflated 64%)
adding: com/saa/ui/warehouse/stockissue/model/(in = 0) (out= 0)(stored 0%)
adding: com/saa/ui/warehouse/stockissue/model/ProductionMaterialRequestDetailItem.class(in = 4380) (out= 1348)(deflated 69%)
adding: com/saa/ui/warehouse/stockissue/model/ProductionMaterialRequestDetailItemSet.class(in = 1342) (out= 583)(deflated 56%)
adding: com/saa/ui/warehouse/stockissue/model/ProductionMaterialRequestHeaderItem.class(in = 4077) (out= 1340)(deflated 67%)
adding: com/saa/ui/warehouse/stockissue/model/ProductionMaterialRequestHeaderItemSet.class(in = 1272) (out= 568)(deflated 55%)
adding: com/saa/ui/warehouse/stockissue/model/ProductionMaterialRequestViewData.class(in = 566) (out= 349)(deflated 38%)
adding: com/saa/ui/warehouse/stockissue/model/ProductionMaterialRequestViewItem.class(in = 2119) (out= 779)(deflated 63%)
adding: com/saa/ui/warehouse/stockissue/model/ProductionMaterialRequestViewItemSet.class(in = 1369) (out= 604)(deflated 55%)
adding: com/saa/ui/warehouse/stockissue/service/(in = 0) (out= 0)(stored 0%)
adding: com/saa/ui/warehouse/stockissue/service/ProductionMaterialRequestDataManager.class(in = 3858) (out= 1287)(deflated 66%)
adding: com/saa/ui/warehouse/test/(in = 0) (out= 0)(stored 0%)
adding: com/saa/ui/warehouse/test/Find$1.class(in = 851) (out= 537)(deflated 36%)
adding: com/saa/ui/warehouse/test/Find.class(in = 3356) (out= 1587)(deflated 52%)
adding: com/saa/ui/warehouse/test/GridBagLayoutDemo$1.class(in = 599) (out= 358)(deflated 40%)
adding: com/saa/ui/warehouse/test/GridBagLayoutDemo.class(in = 2405) (out= 1349)(deflated 43%)
adding: com/saa/ui/warehouse/test/SpringForm$1.class(in = 571) (out= 350)(deflated 38%)
adding: com/saa/ui/warehouse/test/SpringForm.class(in = 1825) (out= 1056)(deflated 42%)
adding: com/saa/ui/warehouse/test/TestGroupLayout.class(in = 2688) (out= 1257)(deflated 53%)
adding: com/saa/ui/wh/(in = 0) (out= 0)(stored 0%)
adding: com/saa/ui/wh/MonthCloseFrame.class(in = 3279) (out= 1732)(deflated 47%)
adding: com/saa/ui/wh/WH001Frame.class(in = 408) (out= 264)(deflated 35%)
adding: com/saa/ui/wh/WH002Frame.class(in = 1378) (out= 754)(deflated 45%)
adding: com/saa/ui/wh/WH003Frame.class(in = 1377) (out= 757)(deflated 45%)
adding: com/saa/ui/wh/WH004Frame.class(in = 2915) (out= 1521)(deflated 47%)
adding: com/saa/ui/wh/WH005Frame.class(in = 1441) (out= 787)(deflated 45%)
adding: com/saa/ui/wh/WH006Frame.class(in = 590) (out= 364)(deflated 38%)
adding: com/saa/ui/wh/WH007Frame.class(in = 2403) (out= 1291)(deflated 46%)
adding: com/saa/ui/wh/WH008Frame.class(in = 3234) (out= 1749)(deflated 45%)
adding: com/saa/ui/wh/WH009Frame.class(in = 1502) (out= 816)(deflated 45%)
adding: com/saa/ui/wh/WH010Frame.class(in = 1353) (out= 746)(deflated 44%)
adding: com/saa/ui/wh/YearMonthFrame.class(in = 1113) (out= 603)(deflated 45%)
adding: com/saa/util/(in = 0) (out= 0)(stored 0%)
adding: com/saa/util/AutoInitialize.class(in = 5296) (out= 2507)(deflated 52%)
adding: com/saa/util/MessageDlg.class(in = 1513) (out= 684)(deflated 54%)
adding: com/saa/util/SystemConfig.class(in = 4914) (out= 2357)(deflated 52%)
adding: com/saa/util/xml/(in = 0) (out= 0)(stored 0%)
adding: com/saa/util/xml/DataObjectsParser.class(in = 4588) (out= 2259)(deflated 50%)
adding: com/saa/util/xml/DBOXMLSchema.class(in = 553) (out= 371)(deflated 32%)
adding: com/saa/util/xml/DomParserExample.class(in = 5153) (out= 2562)(deflated 50%)
adding: com/saa/util/xml/Employee.class(in = 549) (out= 354)(deflated 35%)
adding: com/saa/util/xml/exployee.xml(in = 432) (out= 177)(deflated 59%)

C:\project\saa\src\saareport\build\classes>copy "C:\Project\saa\src\saareport\bin\Create JRX\saareport.jar"   "C:\Project\saa\src\saareport\bin" /y  
        1 file(s) copied.

C:\project\saa\src\saareport\build\classes>xcopy "C:\Project\saa\src\saareport\version" "C:\Project\saa\src\saareport\bin\version" /y /s /i 
C:\Project\saa\src\saareport\version\version.properties
C:\Project\saa\src\saareport\version\CVS\Entries
C:\Project\saa\src\saareport\version\CVS\Repository
C:\Project\saa\src\saareport\version\CVS\Root
4 File(s) copied

C:\project\saa\src\saareport\build\classes>xcopy "C:\Project\saa\src\saareport\report\templates" "C:\Project\saa\src\saareport\bin\report\templates" /s /i /y 
C:\Project\saa\src\saareport\report\templates\AR001.bak
C:\Project\saa\src\saareport\report\templates\AR001.jasper
C:\Project\saa\src\saareport\report\templates\AR001.jrxml
C:\Project\saa\src\saareport\report\templates\AR001_1217410564234_683216.java
C:\Project\saa\src\saareport\report\templates\AR001_1217410621656_639860.java
C:\Project\saa\src\saareport\report\templates\AR001_1217410674187_585087.java
C:\Project\saa\src\saareport\report\templates\AR001_1217410800296_564845.java
C:\Project\saa\src\saareport\report\templates\AR001_1217410867000_859496.java
C:\Project\saa\src\saareport\report\templates\AR001_1217410901109_460429.java
C:\Project\saa\src\saareport\report\templates\AR001_1217410928375_237602.java
C:\Project\saa\src\saareport\report\templates\AR001_1217410961796_755884.java
C:\Project\saa\src\saareport\report\templates\AR001_1217411006953_514638.java
C:\Project\saa\src\saareport\report\templates\AR001_1218859937937_422215.java
C:\Project\saa\src\saareport\report\templates\AR001_1218859992171_195157.java
C:\Project\saa\src\saareport\report\templates\AR001_1218860026765_985594.java
C:\Project\saa\src\saareport\report\templates\AR001_1218860037421_218024.java
C:\Project\saa\src\saareport\report\templates\AR001_1218860165281_588216.java
C:\Project\saa\src\saareport\report\templates\AR002.bak
C:\Project\saa\src\saareport\report\templates\AR002.jasper
C:\Project\saa\src\saareport\report\templates\AR002.jrxml
C:\Project\saa\src\saareport\report\templates\AR002_1217498026265_678487.java
C:\Project\saa\src\saareport\report\templates\AR002_1217498075421_401885.java
C:\Project\saa\src\saareport\report\templates\AR002_1217498113406_809388.java
C:\Project\saa\src\saareport\report\templates\AR002_1217498117125_376238.java
C:\Project\saa\src\saareport\report\templates\AR002_1217498767078_865917.java
C:\Project\saa\src\saareport\report\templates\AR002_1217499594609_822071.java
C:\Project\saa\src\saareport\report\templates\AR002_1217499614796_314053.java
C:\Project\saa\src\saareport\report\templates\AR002_1217499637468_113146.java
C:\Project\saa\src\saareport\report\templates\AR002_1217499680953_913173.java
C:\Project\saa\src\saareport\report\templates\AR002_1217499717750_876539.java
C:\Project\saa\src\saareport\report\templates\AR002_1217499756187_133873.java
C:\Project\saa\src\saareport\report\templates\AR003.bak
C:\Project\saa\src\saareport\report\templates\AR003.jasper
C:\Project\saa\src\saareport\report\templates\AR003.jrxml
C:\Project\saa\src\saareport\report\templates\AR004.bak
C:\Project\saa\src\saareport\report\templates\AR004.jrxml
C:\Project\saa\src\saareport\report\templates\AR005.bak
C:\Project\saa\src\saareport\report\templates\AR005.jasper
C:\Project\saa\src\saareport\report\templates\AR005.jrxml
C:\Project\saa\src\saareport\report\templates\AR006.bak
C:\Project\saa\src\saareport\report\templates\AR006.jrxml
C:\Project\saa\src\saareport\report\templates\Dross History.bak
C:\Project\saa\src\saareport\report\templates\Dross History.jasper
C:\Project\saa\src\saareport\report\templates\Dross History.jrxml
C:\Project\saa\src\saareport\report\templates\Dross32History_1215069831765_702589.java
C:\Project\saa\src\saareport\report\templates\Dross32History_1215069864953_829018.java
C:\Project\saa\src\saareport\report\templates\Dross32History_1215069898656_480742.java
C:\Project\saa\src\saareport\report\templates\Dross32History_1215069909656_593933.java
C:\Project\saa\src\saareport\report\templates\Dross32History_1215069942234_124399.java
C:\Project\saa\src\saareport\report\templates\Dross32History_1215070104140_439078.java
C:\Project\saa\src\saareport\report\templates\Dross32History_1215070164343_599150.java
C:\Project\saa\src\saareport\report\templates\Dross32History_1215070420234_237282.java
C:\Project\saa\src\saareport\report\templates\Dross32History_1215070433453_86578.java
C:\Project\saa\src\saareport\report\templates\Dross32History_1215070654453_55438.java
C:\Project\saa\src\saareport\report\templates\Dross32History_1215070673515_336927.java
C:\Project\saa\src\saareport\report\templates\Dross32History_1215070724046_951507.java
C:\Project\saa\src\saareport\report\templates\Dross32History_1215070772859_190982.java
C:\Project\saa\src\saareport\report\templates\Dross32History_1215070859187_771110.java
C:\Project\saa\src\saareport\report\templates\Dross32History_1215071065750_990329.java
C:\Project\saa\src\saareport\report\templates\Dross32History_1215071100796_556885.java
C:\Project\saa\src\saareport\report\templates\Dross32History_1215071174062_521285.java
C:\Project\saa\src\saareport\report\templates\Dross32History_1215071237859_328583.java
C:\Project\saa\src\saareport\report\templates\Dross32History_1215071288203_857616.java
C:\Project\saa\src\saareport\report\templates\Dross32History_1215071316812_492256.java
C:\Project\saa\src\saareport\report\templates\Dross32History_1215071351078_725057.java
C:\Project\saa\src\saareport\report\templates\Dross32History_1215071417921_865246.java
C:\Project\saa\src\saareport\report\templates\Dross32History_1215071443984_490168.java
C:\Project\saa\src\saareport\report\templates\Dross32History_1215071498968_509724.java
C:\Project\saa\src\saareport\report\templates\Dross32History_1215071520500_996216.java
C:\Project\saa\src\saareport\report\templates\Dross32History_1215072014968_912480.java
C:\Project\saa\src\saareport\report\templates\Dross32History_1215072222500_198731.java
C:\Project\saa\src\saareport\report\templates\Dross32History_1215072242578_998552.java
C:\Project\saa\src\saareport\report\templates\HorizontalReport.jasper
C:\Project\saa\src\saareport\report\templates\MachineHistory.jasper
C:\Project\saa\src\saareport\report\templates\MachineHistoryNew.jasper
C:\Project\saa\src\saareport\report\templates\MachineHistoryNew_subreport.jasper
C:\Project\saa\src\saareport\report\templates\PC001.bak
C:\Project\saa\src\saareport\report\templates\PC001.jasper
C:\Project\saa\src\saareport\report\templates\PC001.jrxml
C:\Project\saa\src\saareport\report\templates\PC002.bak
C:\Project\saa\src\saareport\report\templates\PC002.jasper
C:\Project\saa\src\saareport\report\templates\PC002.jrxml
C:\Project\saa\src\saareport\report\templates\PC002_1201599816765_679698.java
C:\Project\saa\src\saareport\report\templates\PC003.bak
C:\Project\saa\src\saareport\report\templates\PC003.jasper
C:\Project\saa\src\saareport\report\templates\PC003.jrxml
C:\Project\saa\src\saareport\report\templates\PC003_1201599634218_232662.java
C:\Project\saa\src\saareport\report\templates\PC003_1201599753781_976900.java
C:\Project\saa\src\saareport\report\templates\PC003_1201599801593_427027.java
C:\Project\saa\src\saareport\report\templates\PN001.bak
C:\Project\saa\src\saareport\report\templates\PN001.jasper
C:\Project\saa\src\saareport\report\templates\PN001.jrxml
C:\Project\saa\src\saareport\report\templates\PN001.rtf
C:\Project\saa\src\saareport\report\templates\PN001_1211002532375_983667.java
C:\Project\saa\src\saareport\report\templates\PN001_1211002560734_499115.java
C:\Project\saa\src\saareport\report\templates\PN002-20070602.jrxml
C:\Project\saa\src\saareport\report\templates\PN002.bak
C:\Project\saa\src\saareport\report\templates\PN002.jasper
C:\Project\saa\src\saareport\report\templates\PN002.jrxml
C:\Project\saa\src\saareport\report\templates\PN002_1202536866312_89835.java
C:\Project\saa\src\saareport\report\templates\PN002_1202810302906_704935.java
C:\Project\saa\src\saareport\report\templates\PN002_1202810463828_304135.java
C:\Project\saa\src\saareport\report\templates\PN002_1202810864234_363187.java
C:\Project\saa\src\saareport\report\templates\PN002_1202868307046_957256.java
C:\Project\saa\src\saareport\report\templates\PN002_1202868951671_314385.java
C:\Project\saa\src\saareport\report\templates\PN002_1202869232859_547756.java
C:\Project\saa\src\saareport\report\templates\PN002_1202869483953_805265.java
C:\Project\saa\src\saareport\report\templates\PN002_1218422275908_802363.java
C:\Project\saa\src\saareport\report\templates\PN002_1218422344720_26489.java
C:\Project\saa\src\saareport\report\templates\PN002_1218445465890_488673.java
C:\Project\saa\src\saareport\report\templates\PN002_1218445565406_4826.java
C:\Project\saa\src\saareport\report\templates\PN002_1218445739140_861561.java
C:\Project\saa\src\saareport\report\templates\PN002_1219228216578_501016.java
C:\Project\saa\src\saareport\report\templates\PN002_1219228276703_271220.java
C:\Project\saa\src\saareport\report\templates\PN002_1219228318234_122590.java
C:\Project\saa\src\saareport\report\templates\PN002_1219228391218_38158.java
C:\Project\saa\src\saareport\report\templates\PN002_1219285693281_70572.java
C:\Project\saa\src\saareport\report\templates\PN002_1219287136781_310541.java
C:\Project\saa\src\saareport\report\templates\PN002_1219287403156_877147.java
C:\Project\saa\src\saareport\report\templates\PN002_1219638773067_551941.java
C:\Project\saa\src\saareport\report\templates\PN002_1219652766207_877334.java
C:\Project\saa\src\saareport\report\templates\PN002_1219652853145_698859.java
C:\Project\saa\src\saareport\report\templates\PN002_1219652886661_857671.java
C:\Project\saa\src\saareport\report\templates\PN002_1219653826098_920847.java
C:\Project\saa\src\saareport\report\templates\PN002_1219653831723_860461.java
C:\Project\saa\src\saareport\report\templates\PN002_1219653879161_304214.java
C:\Project\saa\src\saareport\report\templates\PN002_1219654044114_634372.java
C:\Project\saa\src\saareport\report\templates\PN002_1219654106223_149500.java
C:\Project\saa\src\saareport\report\templates\PN004.jasper
C:\Project\saa\src\saareport\report\templates\PN004.jrxml
C:\Project\saa\src\saareport\report\templates\PN004_1202869508843_346702.java
C:\Project\saa\src\saareport\report\templates\PN006.bak
C:\Project\saa\src\saareport\report\templates\PN006.jasper
C:\Project\saa\src\saareport\report\templates\PN006.jrxml
C:\Project\saa\src\saareport\report\templates\PN010.jrxml
C:\Project\saa\src\saareport\report\templates\PN012.bak
C:\Project\saa\src\saareport\report\templates\PN012.jasper
C:\Project\saa\src\saareport\report\templates\PN012.JRXML
C:\Project\saa\src\saareport\report\templates\PN014.bak
C:\Project\saa\src\saareport\report\templates\PN014.jasper
C:\Project\saa\src\saareport\report\templates\PN014.jrxml
C:\Project\saa\src\saareport\report\templates\PN014_1215144422734_306463.java
C:\Project\saa\src\saareport\report\templates\PN014_1215144453453_337827.java
C:\Project\saa\src\saareport\report\templates\PN014_1215144639218_622014.java
C:\Project\saa\src\saareport\report\templates\PN014_1215144672203_872626.java
C:\Project\saa\src\saareport\report\templates\PN014_1215145097953_450059.java
C:\Project\saa\src\saareport\report\templates\PN014_1216176967781_674840.java
C:\Project\saa\src\saareport\report\templates\PN014_1216180926968_213825.java
C:\Project\saa\src\saareport\report\templates\PN014_1216182357203_430259.java
C:\Project\saa\src\saareport\report\templates\PN014_1216182453546_544795.java
C:\Project\saa\src\saareport\report\templates\PN014_1216182895468_99918.java
C:\Project\saa\src\saareport\report\templates\PN014_1217039676875_257731.java
C:\Project\saa\src\saareport\report\templates\PN014_1217039712328_299912.java
C:\Project\saa\src\saareport\report\templates\PN014_1217039759593_756348.java
C:\Project\saa\src\saareport\report\templates\PN014_1217039785515_817785.java
C:\Project\saa\src\saareport\report\templates\PN014_1217039811921_771274.java
C:\Project\saa\src\saareport\report\templates\PN014_1217039837812_960120.java
C:\Project\saa\src\saareport\report\templates\PN014_1217039852437_290909.java
C:\Project\saa\src\saareport\report\templates\PN014_1217039893890_268889.java
C:\Project\saa\src\saareport\report\templates\PN014_1217040443937_43933.java
C:\Project\saa\src\saareport\report\templates\PN014_1217040534765_564968.java
C:\Project\saa\src\saareport\report\templates\PN014_1217040702421_682523.java
C:\Project\saa\src\saareport\report\templates\PN014_1217040754281_244252.java
C:\Project\saa\src\saareport\report\templates\PN014_1217040952953_697831.java
C:\Project\saa\src\saareport\report\templates\PN014_1217040999671_544621.java
C:\Project\saa\src\saareport\report\templates\PN014_1217041022890_789802.java
C:\Project\saa\src\saareport\report\templates\PN014_1217041114078_457545.java
C:\Project\saa\src\saareport\report\templates\PN014_1217041144796_196578.java
C:\Project\saa\src\saareport\report\templates\PN014_1218618051359_128548.java
C:\Project\saa\src\saareport\report\templates\PN014_1218618138734_511544.java
C:\Project\saa\src\saareport\report\templates\PN014_1218618520968_144154.java
C:\Project\saa\src\saareport\report\templates\PN014_1218622160890_571508.java
C:\Project\saa\src\saareport\report\templates\PN014_1218622234359_113023.java
C:\Project\saa\src\saareport\report\templates\PN014_1218622255578_934446.java
C:\Project\saa\src\saareport\report\templates\PN014_1218622307453_599420.java
C:\Project\saa\src\saareport\report\templates\PN014_1218622326718_195804.java
C:\Project\saa\src\saareport\report\templates\PN014_1218622383890_702140.java
C:\Project\saa\src\saareport\report\templates\pnsub002.bak
C:\Project\saa\src\saareport\report\templates\pnsub002.jasper
C:\Project\saa\src\saareport\report\templates\pnsub002.jrxml
C:\Project\saa\src\saareport\report\templates\PNSUB002_1219227617906_772296.java
C:\Project\saa\src\saareport\report\templates\PNSUB002_1219287385703_159600.java
C:\Project\saa\src\saareport\report\templates\PNSUB002_1219292636781_20485.java
C:\Project\saa\src\saareport\report\templates\PNSUB004.jasper
C:\Project\saa\src\saareport\report\templates\PNSUB004.jrxml
C:\Project\saa\src\saareport\report\templates\PNSUB006.jasper
C:\Project\saa\src\saareport\report\templates\PNSUB006.jrxml
C:\Project\saa\src\saareport\report\templates\REPORT.jasper
C:\Project\saa\src\saareport\report\templates\SA001-1.jasper
C:\Project\saa\src\saareport\report\templates\SA001.bak
C:\Project\saa\src\saareport\report\templates\SA001.jasper
C:\Project\saa\src\saareport\report\templates\SA001.jrxml
C:\Project\saa\src\saareport\report\templates\SA001_1199507802593_476048.java
C:\Project\saa\src\saareport\report\templates\SA001_1199507920218_852194.java
C:\Project\saa\src\saareport\report\templates\SA002.bak
C:\Project\saa\src\saareport\report\templates\SA002.jasper
C:\Project\saa\src\saareport\report\templates\SA002.jrxml
C:\Project\saa\src\saareport\report\templates\SA003.bak
C:\Project\saa\src\saareport\report\templates\SA003.jasper
C:\Project\saa\src\saareport\report\templates\SA003.jrxml
C:\Project\saa\src\saareport\report\templates\SA004.bak
C:\Project\saa\src\saareport\report\templates\SA004.jasper
C:\Project\saa\src\saareport\report\templates\SA004.jrxml
C:\Project\saa\src\saareport\report\templates\TableReport.jasper
C:\Project\saa\src\saareport\report\templates\TextFilter_Expression.bak
C:\Project\saa\src\saareport\report\templates\TextFilter_Expression.jrxml
C:\Project\saa\src\saareport\report\templates\WH001.bak
C:\Project\saa\src\saareport\report\templates\WH001.jasper
C:\Project\saa\src\saareport\report\templates\WH001.jrxml
C:\Project\saa\src\saareport\report\templates\WH001_1198725947468_548065.groovy
C:\Project\saa\src\saareport\report\templates\WH001_1198812353671_952834.groovy
C:\Project\saa\src\saareport\report\templates\WH001_1198812503906_258991.groovy
C:\Project\saa\src\saareport\report\templates\WH001_1198831964687_159079.groovy
C:\Project\saa\src\saareport\report\templates\WH001_1198832289906_946103.groovy
C:\Project\saa\src\saareport\report\templates\WH001_1198832476562_752509.groovy
C:\Project\saa\src\saareport\report\templates\WH001_1198832595671_25423.groovy
C:\Project\saa\src\saareport\report\templates\WH001_1198832621765_346156.groovy
C:\Project\saa\src\saareport\report\templates\WH001_1198832645359_793227.groovy
C:\Project\saa\src\saareport\report\templates\WH001_1198832676734_896482.groovy
C:\Project\saa\src\saareport\report\templates\WH001_1199258831156_480771.groovy
C:\Project\saa\src\saareport\report\templates\WH001_1199258882781_544551.groovy
C:\Project\saa\src\saareport\report\templates\WH001_1199258960609_559458.groovy
C:\Project\saa\src\saareport\report\templates\WH001_1199258983281_238212.groovy
C:\Project\saa\src\saareport\report\templates\WH001_1199259287656_941603.groovy
C:\Project\saa\src\saareport\report\templates\WH001_1199259426437_694991.groovy
C:\Project\saa\src\saareport\report\templates\WH001_1199259463640_373041.groovy
C:\Project\saa\src\saareport\report\templates\WH001_1199259489781_84638.groovy
C:\Project\saa\src\saareport\report\templates\WH001_1199504290890_213341.groovy
C:\Project\saa\src\saareport\report\templates\WH001_1199504661359_588769.groovy
C:\Project\saa\src\saareport\report\templates\WH001_1199504714359_809531.groovy
C:\Project\saa\src\saareport\report\templates\WH001_1199504898187_216226.groovy
C:\Project\saa\src\saareport\report\templates\WH001_1199504999656_350117.groovy
C:\Project\saa\src\saareport\report\templates\WH001_1199506199890_430932.groovy
C:\Project\saa\src\saareport\report\templates\WH001_1199517090734_627817.groovy
C:\Project\saa\src\saareport\report\templates\WH001_1199517707953_791401.groovy
C:\Project\saa\src\saareport\report\templates\WH001_1199517985140_175288.groovy
C:\Project\saa\src\saareport\report\templates\WH001_1199517987796_405654.groovy
C:\Project\saa\src\saareport\report\templates\WH001_1199518241312_275857.groovy
C:\Project\saa\src\saareport\report\templates\WH001_1199518254687_366995.groovy
C:\Project\saa\src\saareport\report\templates\WH001_1199519072015_611951.groovy
C:\Project\saa\src\saareport\report\templates\WH001_1199519086687_432697.groovy
C:\Project\saa\src\saareport\report\templates\WH001_1199519541328_194452.groovy
C:\Project\saa\src\saareport\report\templates\WH001_1199959218187_492768.groovy
C:\Project\saa\src\saareport\report\templates\WH001_1199959855734_669833.groovy
C:\Project\saa\src\saareport\report\templates\WH001_1199959869265_876041.groovy
C:\Project\saa\src\saareport\report\templates\WH001_1200018388390_316385.groovy
C:\Project\saa\src\saareport\report\templates\WH001_1200018436140_703814.groovy
C:\Project\saa\src\saareport\report\templates\WH001_1200018491406_81735.groovy
C:\Project\saa\src\saareport\report\templates\WH001_1200018547312_584826.groovy
C:\Project\saa\src\saareport\report\templates\WH001_1200305203562_238923.groovy
C:\Project\saa\src\saareport\report\templates\WH001_1201317949781_44606.groovy
C:\Project\saa\src\saareport\report\templates\WH001_1201318038781_583918.groovy
C:\Project\saa\src\saareport\report\templates\WH001_1201318143796_806556.groovy
C:\Project\saa\src\saareport\report\templates\WH001_1201319047187_900040.groovy
C:\Project\saa\src\saareport\report\templates\WH001_1201497337328_695643.groovy
C:\Project\saa\src\saareport\report\templates\WH001_1201497518781_343484.groovy
C:\Project\saa\src\saareport\report\templates\WH001_1201497602203_897312.groovy
C:\Project\saa\src\saareport\report\templates\WH001_1201497641593_177793.groovy
C:\Project\saa\src\saareport\report\templates\WH001_1201498485843_361008.groovy
C:\Project\saa\src\saareport\report\templates\WH001_1201498626296_374763.groovy
C:\Project\saa\src\saareport\report\templates\WH001_1201502359203_344294.groovy
C:\Project\saa\src\saareport\report\templates\WH001_1201502410093_773791.groovy
C:\Project\saa\src\saareport\report\templates\WH001_1201503307437_143681.groovy
C:\Project\saa\src\saareport\report\templates\WH001_1201503327359_80876.groovy
C:\Project\saa\src\saareport\report\templates\WH001_1201503540031_387756.groovy
C:\Project\saa\src\saareport\report\templates\WH001_1201503557046_523890.groovy
C:\Project\saa\src\saareport\report\templates\WH001_1201505001281_591230.groovy
C:\Project\saa\src\saareport\report\templates\WH001_1201508616000_139285.groovy
C:\Project\saa\src\saareport\report\templates\WH001_1201508637093_935833.groovy
C:\Project\saa\src\saareport\report\templates\WH001_1201508695531_402537.groovy
C:\Project\saa\src\saareport\report\templates\WH001_1201508847531_938271.groovy
C:\Project\saa\src\saareport\report\templates\WH001_1201508896218_481926.groovy
C:\Project\saa\src\saareport\report\templates\WH001_1201509054703_623919.groovy
C:\Project\saa\src\saareport\report\templates\WH001_1201509136312_735906.groovy
C:\Project\saa\src\saareport\report\templates\WH001_1201509199234_69163.groovy
C:\Project\saa\src\saareport\report\templates\WH001_1201509319031_442908.groovy
C:\Project\saa\src\saareport\report\templates\WH001_1202528893968_531117.groovy
C:\Project\saa\src\saareport\report\templates\WH001_1202529015859_85082.groovy
C:\Project\saa\src\saareport\report\templates\WH001_1202529091796_575719.groovy
C:\Project\saa\src\saareport\report\templates\WH001_1202529604281_768267.groovy
C:\Project\saa\src\saareport\report\templates\WH001_1202530758578_457723.groovy
C:\Project\saa\src\saareport\report\templates\WH001_1202530824593_632160.groovy
C:\Project\saa\src\saareport\report\templates\WH001_1202530871421_613169.groovy
C:\Project\saa\src\saareport\report\templates\WH001_1202530911093_446896.groovy
C:\Project\saa\src\saareport\report\templates\WH001_1202531241656_769368.groovy
C:\Project\saa\src\saareport\report\templates\WH001_1202531697843_950757.groovy
C:\Project\saa\src\saareport\report\templates\WH001_1202531774265_455766.groovy
C:\Project\saa\src\saareport\report\templates\WH001_1202532291906_691525.groovy
C:\Project\saa\src\saareport\report\templates\WH001_1202532338921_84791.groovy
C:\Project\saa\src\saareport\report\templates\WH001_1202532408671_351380.groovy
C:\Project\saa\src\saareport\report\templates\WH001_1202533328531_379995.groovy
C:\Project\saa\src\saareport\report\templates\WH001_1202533546421_460209.groovy
C:\Project\saa\src\saareport\report\templates\WH001_1202533791203_897423.groovy
C:\Project\saa\src\saareport\report\templates\WH001_1202533877890_10382.groovy
C:\Project\saa\src\saareport\report\templates\WH001_1204346050357_191486.groovy
C:\Project\saa\src\saareport\report\templates\WH001_1204346374756_773088.groovy
C:\Project\saa\src\saareport\report\templates\WH001_1205092558717_559838.groovy
C:\Project\saa\src\saareport\report\templates\WH001_1205092583170_286268.groovy
C:\Project\saa\src\saareport\report\templates\WH001_1205093010655_782543.groovy
C:\Project\saa\src\saareport\report\templates\WH001_1205198340968_186935.groovy
C:\Project\saa\src\saareport\report\templates\WH001_1205958336734_752020.groovy
C:\Project\saa\src\saareport\report\templates\WH001_1205958435546_322172.groovy
C:\Project\saa\src\saareport\report\templates\WH001_1207145397484_279305.groovy
C:\Project\saa\src\saareport\report\templates\WH001_1209009592062_912901.groovy
C:\Project\saa\src\saareport\report\templates\WH001_1211859884359_666973.groovy
C:\Project\saa\src\saareport\report\templates\WH001_1211859889609_434146.groovy
C:\Project\saa\src\saareport\report\templates\WH001_1213327625750_207159.groovy
C:\Project\saa\src\saareport\report\templates\WH001_1213328646593_354100.groovy
C:\Project\saa\src\saareport\report\templates\WH001_1216798353046_825910.groovy
C:\Project\saa\src\saareport\report\templates\WH001_1216798733734_631205.groovy
C:\Project\saa\src\saareport\report\templates\WH001_1216798809140_404519.groovy
C:\Project\saa\src\saareport\report\templates\WH001_1216799388484_734677.groovy
C:\Project\saa\src\saareport\report\templates\WH001_1216799584921_661924.groovy
C:\Project\saa\src\saareport\report\templates\WH001_1216799673875_569935.groovy
C:\Project\saa\src\saareport\report\templates\WH001_1216799693578_122.groovy
C:\Project\saa\src\saareport\report\templates\WH001_1216799819515_260968.groovy
C:\Project\saa\src\saareport\report\templates\WH001_1216866183453_884985.groovy
C:\Project\saa\src\saareport\report\templates\WH001_1216866201531_953674.groovy
C:\Project\saa\src\saareport\report\templates\WH001_1216866233062_149771.groovy
C:\Project\saa\src\saareport\report\templates\WH001_1216866401421_821596.groovy
C:\Project\saa\src\saareport\report\templates\WH001_1216866506484_239022.groovy
C:\Project\saa\src\saareport\report\templates\WH001_1219641249161_421572.groovy
C:\Project\saa\src\saareport\report\templates\WH001_1219652236973_833607.groovy
C:\Project\saa\src\saareport\report\templates\WH001_1219652738426_289955.groovy
C:\Project\saa\src\saareport\report\templates\WH001_1219653211207_938711.groovy
C:\Project\saa\src\saareport\report\templates\WH002.bak
C:\Project\saa\src\saareport\report\templates\WH002.jasper
C:\Project\saa\src\saareport\report\templates\WH002.jrxml
C:\Project\saa\src\saareport\report\templates\WH002_1206907942299_526247.java
C:\Project\saa\src\saareport\report\templates\WH003.bak
C:\Project\saa\src\saareport\report\templates\WH003.jasper
C:\Project\saa\src\saareport\report\templates\WH003.jrxml
C:\Project\saa\src\saareport\report\templates\WH003_1199259549578_273946.java
C:\Project\saa\src\saareport\report\templates\WH003_1206907900268_422652.java
C:\Project\saa\src\saareport\report\templates\WH004.bak
C:\Project\saa\src\saareport\report\templates\WH004.jasper
C:\Project\saa\src\saareport\report\templates\WH004.jrxml
C:\Project\saa\src\saareport\report\templates\WH005.bak
C:\Project\saa\src\saareport\report\templates\WH005.jasper
C:\Project\saa\src\saareport\report\templates\WH005.jrxml
C:\Project\saa\src\saareport\report\templates\WH006.jrxml
C:\Project\saa\src\saareport\report\templates\WH007.bak
C:\Project\saa\src\saareport\report\templates\WH007.jasper
C:\Project\saa\src\saareport\report\templates\WH007.jrxml
C:\Project\saa\src\saareport\report\templates\WH007_1198805807312_456022.java
C:\Project\saa\src\saareport\report\templates\WH007_1198805818828_963186.java
C:\Project\saa\src\saareport\report\templates\WH007_1198805840750_156990.java
C:\Project\saa\src\saareport\report\templates\WH007_1198806324734_581604.java
C:\Project\saa\src\saareport\report\templates\WH007_1198806499156_859992.java
C:\Project\saa\src\saareport\report\templates\WH007_1202874490953_122777.java
C:\Project\saa\src\saareport\report\templates\WH007_1202874545203_429662.java
C:\Project\saa\src\saareport\report\templates\WH007_1202874563859_568306.java
C:\Project\saa\src\saareport\report\templates\WH007_1202874608000_512373.java
C:\Project\saa\src\saareport\report\templates\WH007_1202874624093_706072.java
C:\Project\saa\src\saareport\report\templates\WH007_1202874718250_613838.java
C:\Project\saa\src\saareport\report\templates\WH007_1202874772125_97974.java
C:\Project\saa\src\saareport\report\templates\WH007_1202874868921_366319.java
C:\Project\saa\src\saareport\report\templates\WH007_1202874913750_30561.java
C:\Project\saa\src\saareport\report\templates\WH007_1202876018859_721235.java
C:\Project\saa\src\saareport\report\templates\WH008.bak
C:\Project\saa\src\saareport\report\templates\WH008.jasper
C:\Project\saa\src\saareport\report\templates\WH008.jrxml
C:\Project\saa\src\saareport\report\templates\WH008_1207648133069_741705.java
C:\Project\saa\src\saareport\report\templates\WH008_1207648172897_917852.java
C:\Project\saa\src\saareport\report\templates\WH009.bak
C:\Project\saa\src\saareport\report\templates\WH009.jasper
C:\Project\saa\src\saareport\report\templates\WH009.jrxml
C:\Project\saa\src\saareport\report\templates\WH010.bak
C:\Project\saa\src\saareport\report\templates\WH010.jasper
C:\Project\saa\src\saareport\report\templates\WH010.jrxml
C:\Project\saa\src\saareport\report\templates\WH010_1199959643187_536936.java
C:\Project\saa\src\saareport\report\templates\WH010_1199959733828_545466.java
C:\Project\saa\src\saareport\report\templates\WH010_1199959821046_348430.java
C:\Project\saa\src\saareport\report\templates\WN008.bak
C:\Project\saa\src\saareport\report\templates\WN008.jasper
C:\Project\saa\src\saareport\report\templates\WN008.jrxml
C:\Project\saa\src\saareport\report\templates\WN009.jrxml
C:\Project\saa\src\saareport\report\templates\CVS\Entries
C:\Project\saa\src\saareport\report\templates\CVS\Repository
C:\Project\saa\src\saareport\report\templates\CVS\Root
C:\Project\saa\src\saareport\report\templates\CVS\RevisionCache\PC002.jasper#1.1
C:\Project\saa\src\saareport\report\templates\CVS\RevisionCache\PC002.jrxml#1.1
C:\Project\saa\src\saareport\report\templates\CVS\RevisionCache\PC003.jasper#1.1
C:\Project\saa\src\saareport\report\templates\CVS\RevisionCache\PC003.jrxml#1.1
C:\Project\saa\src\saareport\report\templates\CVS\RevisionCache\PN001.jasper#1.1
C:\Project\saa\src\saareport\report\templates\CVS\RevisionCache\PN001.jrxml#1.1
C:\Project\saa\src\saareport\report\templates\CVS\RevisionCache\PN002.jasper#1.1
C:\Project\saa\src\saareport\report\templates\CVS\RevisionCache\PN002.jrxml#1.1
C:\Project\saa\src\saareport\report\templates\CVS\RevisionCache\PN004.jasper#1.1
C:\Project\saa\src\saareport\report\templates\CVS\RevisionCache\PN004.jrxml#1.1
C:\Project\saa\src\saareport\report\templates\CVS\RevisionCache\SA001.jasper#1.1
C:\Project\saa\src\saareport\report\templates\CVS\RevisionCache\SA001.jrxml#1.1
C:\Project\saa\src\saareport\report\templates\CVS\RevisionCache\WH001.jasper#1.1
C:\Project\saa\src\saareport\report\templates\CVS\RevisionCache\WH001.jrxml#1.1
C:\Project\saa\src\saareport\report\templates\CVS\RevisionCache\WH002.jasper#1.1
C:\Project\saa\src\saareport\report\templates\CVS\RevisionCache\WH002.jrxml#1.1
C:\Project\saa\src\saareport\report\templates\CVS\RevisionCache\WH003.jasper#1.1
C:\Project\saa\src\saareport\report\templates\CVS\RevisionCache\WH003.jrxml#1.1
C:\Project\saa\src\saareport\report\templates\CVS\RevisionCache\WH005.jasper#1.1
C:\Project\saa\src\saareport\report\templates\CVS\RevisionCache\WH005.jrxml#1.1
C:\Project\saa\src\saareport\report\templates\CVS\RevisionCache\WH007.jasper#1.1
C:\Project\saa\src\saareport\report\templates\CVS\RevisionCache\WH007.jrxml#1.1
C:\Project\saa\src\saareport\report\templates\CVS\RevisionCache\WH008.jasper#1.1
C:\Project\saa\src\saareport\report\templates\CVS\RevisionCache\WH008.jrxml#1.1
C:\Project\saa\src\saareport\report\templates\CVS\RevisionCache\WH010.jasper#1.1
C:\Project\saa\src\saareport\report\templates\CVS\RevisionCache\WH010.jrxml#1.1
406 File(s) copied

C:\project\saa\src\saareport\build\classes>cd "C:\Project\saa\src\saareport\bin\Create JRX" 
